<?xml version="1.0" encoding="UTF-8"?>
<testsuite xmlns:xsi="http://www.w3.org/2001/XMLSchema-instance" xsi:noNamespaceSchemaLocation="https://maven.apache.org/surefire/maven-surefire-plugin/xsd/surefire-test-report-3.0.xsd" version="3.0" name="TestSuite" time="144.094" tests="10" errors="0" skipped="0" failures="2">
  <properties>
[...]
</properties>
  <testcase name="f" classname="testsPack.sampleTest" time="0.001"/>
  <testcase name="verifyZooplaForSale" classname="testsPack.ZooplaForSalePageTest" time="0.021"/>
  <testcase name="selectingLoctionAt" classname="testsPack.ZooplaForSalePageTest" time="12.328"/>
  <testcase name="verifyZooplaHomePagetitle" classname="testsPack.ZooplaHomePagetest" time="0.034">
    <failure message="Session ID is null. Using WebDriver after calling quit()?&#10;Build info: version: &apos;3.141.59&apos;, revision: &apos;e82be7d358&apos;, time: &apos;2018-11-14T08:17:03&apos;&#10;System info: host: &apos;VIJAYA&apos;, ip: &apos;192.168.1.127&apos;, os.name: &apos;Windows 10&apos;, os.arch: &apos;amd64&apos;, os.version: &apos;10.0&apos;, java.version: &apos;11.0.2&apos;&#10;Driver info: driver.version: RemoteWebDriver" type="org.openqa.selenium.NoSuchSessionException">org.openqa.selenium.NoSuchSessionException: 
Session ID is null. Using WebDriver after calling quit()?
Build info: version: '3.141.59', revision: 'e82be7d358', time: '2018-11-14T08:17:03'
System info: host: 'VIJAYA', ip: '192.168.1.127', os.name: 'Windows 10', os.arch: 'amd64', os.version: '10.0', java.version: '11.0.2'
Driver info: driver.version: RemoteWebDriver
	at testsPack.ZooplaHomePagetest.verifyZooplaHomePagetitle(ZooplaHomePagetest.java:30)
</failure>
  </testcase>
  <testcase name="entercity" classname="testsPack.ZooplaHomePagetest" time="0.279"/>
  <testcase name="clickonsearch" classname="testsPack.ZooplaHomePagetest" time="20.007"/>
  <testcase name="verifyAgentlogo" classname="testsPack.ZooplaSelHousePageTest" time="0.216"/>
  <testcase name="verifyZSelHousePageTitle" classname="testsPack.ZooplaSelHousePageTest" time="0.001">
    <failure message="Session ID is null. Using WebDriver after calling quit()?&#10;Build info: version: &apos;3.141.59&apos;, revision: &apos;e82be7d358&apos;, time: &apos;2018-11-14T08:17:03&apos;&#10;System info: host: &apos;VIJAYA&apos;, ip: &apos;192.168.1.127&apos;, os.name: &apos;Windows 10&apos;, os.arch: &apos;amd64&apos;, os.version: &apos;10.0&apos;, java.version: &apos;11.0.2&apos;&#10;Driver info: driver.version: RemoteWebDriver" type="org.openqa.selenium.NoSuchSessionException">org.openqa.selenium.NoSuchSessionException: 
Session ID is null. Using WebDriver after calling quit()?
Build info: version: '3.141.59', revision: 'e82be7d358', time: '2018-11-14T08:17:03'
System info: host: 'VIJAYA', ip: '192.168.1.127', os.name: 'Windows 10', os.arch: 'amd64', os.version: '10.0', java.version: '11.0.2'
Driver info: driver.version: RemoteWebDriver
	at testsPack.ZooplaSelHousePageTest.verifyZSelHousePageTitle(ZooplaSelHousePageTest.java:47)
</failure>
  </testcase>
  <testcase name="verifyAgentcompanyname" classname="testsPack.ZooplaSelHousePageTest" time="0.106"/>
  <testcase name="clickOnAgentCompanyName" classname="testsPack.ZooplaSelHousePageTest" time="4.311"/>
</testsuite>