<?xml version="1.0" encoding="UTF-8"?>
<testng-results total="4" passed="4" failed="0" skipped="0">
  <reporter-output>
  </reporter-output>
  <suite started-at="2019-04-06T23:47:02Z" name="Default suite" finished-at="2019-04-06T23:47:36Z" duration-ms="33114">
    <groups>
    </groups>
    <test started-at="2019-04-06T23:47:02Z" name="Default test" finished-at="2019-04-06T23:47:36Z" duration-ms="33114">
      <class name="testsPack.ZooplaSelHousePageTest">
        <test-method is-config="true" signature="setup()[pri:0, instance:testsPack.ZooplaSelHousePageTest@179ece50]" started-at="2019-04-06T18:47:02Z" name="setup" finished-at="2019-04-06T18:47:33Z" duration-ms="30795" status="PASS">
          <reporter-output>
          </reporter-output>
        </test-method> <!-- setup -->
        <test-method signature="verifyAgentlogo()[pri:0, instance:testsPack.ZooplaSelHousePageTest@179ece50]" started-at="2019-04-06T18:47:33Z" name="verifyAgentlogo" finished-at="2019-04-06T18:47:33Z" duration-ms="64" status="PASS">
          <reporter-output>
          </reporter-output>
        </test-method> <!-- verifyAgentlogo -->
        <test-method signature="verifyZSelHousePageTitle()[pri:0, instance:testsPack.ZooplaSelHousePageTest@179ece50]" started-at="2019-04-06T18:47:33Z" name="verifyZSelHousePageTitle" finished-at="2019-04-06T18:47:33Z" duration-ms="11" status="PASS">
          <reporter-output>
          </reporter-output>
        </test-method> <!-- verifyZSelHousePageTitle -->
        <test-method signature="verifyAgentcompanyname()[pri:0, instance:testsPack.ZooplaSelHousePageTest@179ece50]" started-at="2019-04-06T18:47:33Z" name="verifyAgentcompanyname" finished-at="2019-04-06T18:47:33Z" duration-ms="51" status="PASS">
          <reporter-output>
          </reporter-output>
        </test-method> <!-- verifyAgentcompanyname -->
        <test-method signature="clickOnAgentCompanyName()[pri:0, instance:testsPack.ZooplaSelHousePageTest@179ece50]" started-at="2019-04-06T18:47:33Z" name="clickOnAgentCompanyName" finished-at="2019-04-06T18:47:36Z" duration-ms="2176" status="PASS">
          <reporter-output>
          </reporter-output>
        </test-method> <!-- clickOnAgentCompanyName -->
      </class> <!-- testsPack.ZooplaSelHousePageTest -->
    </test> <!-- Default test -->
  </suite> <!-- Default suite -->
</testng-results>
